生成启动时间为 2018/7/1 0:06:23。
     1>项目“C:\Users\常佳辉\Desktop\Logic-v0.2\Logic\Logic.vcxproj”在节点 2 上(build 个目标)。
     1>InitializeBuildStatus:
         正在创建“Debug\Logic.unsuccessfulbuild”，因为已指定“AlwaysCreate”。
       ClCompile:
         所有输出均为最新。
         C:\Program Files (x86)\Microsoft Visual Studio 10.0\VC\bin\CL.exe /c /ZI /nologo /W3 /WX- /Od /Oy- /D WIN32 /D _WINDOWS /D _DEBUG /D _MBCS /D _AFXDLL /Gm /EHsc /RTC1 /MDd /GS /fp:precise /Zc:wchar_t /Zc:forScope /Yu"StdAfx.h" /Fp"Debug\Logic.pch" /Fo"Debug\\" /Fd"Debug\vc100.pdb" /Gd /TP /analyze- /errorReport:prompt OpenGL.cpp
         OpenGL.cpp
     1>c:\users\常佳辉\desktop\logic-v0.2\logic\opengl.cpp(276): warning C4996: 'itoa': The POSIX name for this item is deprecated. Instead, use the ISO C++ conformant name: _itoa. See online help for details.
                 c:\program files (x86)\microsoft visual studio 10.0\vc\include\stdlib.h(867) : 参见“itoa”的声明
       ResourceCompile:
         所有输出均为最新。
       ManifestResourceCompile:
         所有输出均为最新。
       Link:
         C:\Program Files (x86)\Microsoft Visual Studio 10.0\VC\bin\link.exe /ERRORREPORT:PROMPT /OUT:"C:\Users\常佳辉\Desktop\Logic-v0.2\Debug\Logic.exe" /INCREMENTAL /NOLOGO /MANIFEST /ManifestFile:"Debug\Logic.exe.intermediate.manifest" /MANIFESTUAC:"level='asInvoker' uiAccess='false'" /DEBUG /PDB:"C:\Users\常佳辉\Desktop\Logic-v0.2\Debug\Logic.pdb" /SUBSYSTEM:WINDOWS /TLBID:1 /DYNAMICBASE /NXCOMPAT /IMPLIB:"C:\Users\常佳辉\Desktop\Logic-v0.2\Debug\Logic.lib" /MACHINE:X86 Debug\Logic.res
         Debug\Logic.exe.embed.manifest.res
         Debug\Ball.obj
         Debug\Box.obj
         Debug\Bullet.obj
         Debug\Camera.obj
         Debug\GControl.obj
         Debug\GFont.obj
         Debug\Glight.obj
         Debug\glMath.obj
         Debug\glParticleCtrl.obj
         Debug\Logic.obj
         Debug\LogicDoc.obj
         Debug\LogicView.obj
         Debug\MainFrm.obj
         Debug\OpenGL.obj
         Debug\Particle.obj
         Debug\Plant.obj
         Debug\Road.obj
         Debug\Sky.obj
         Debug\stdafx.obj
         Debug\Sun.obj
         Debug\Texture.obj
         Debug\Time.obj
         Debug\Zombie.obj
       Manifest:
         C:\Program Files (x86)\Microsoft SDKs\Windows\v7.0A\bin\mt.exe /nologo /verbose /out:"Debug\Logic.exe.embed.manifest" /manifest Debug\Logic.exe.intermediate.manifest "C:\Program Files (x86)\Microsoft Visual Studio 10.0\VC\Include\Manifest\dpiaware.manifest"
         所有输出均为最新。
       LinkEmbedManifest:
         所有输出均为最新。
         Logic.vcxproj -> C:\Users\常佳辉\Desktop\Logic-v0.2\Debug\Logic.exe
       PostBuildEvent:
         copy ..\debug\*.exe lib
         :VCEnd
         ..\debug\Logic.exe
         已复制         1 个文件。
       FinalizeBuildStatus:
         正在删除文件“Debug\Logic.unsuccessfulbuild”。
         正在对“Debug\Logic.lastbuildstate”执行 Touch 任务。
     1>已完成生成项目“C:\Users\常佳辉\Desktop\Logic-v0.2\Logic\Logic.vcxproj”(build 个目标)的操作。

生成成功。

已用时间 00:00:01.09
