C:\USERS\常佳辉\DESKTOP\LOGIC-V0.2\LOGIC\DEBUG\BALL.OBJ
C:\USERS\常佳辉\DESKTOP\LOGIC-V0.2\LOGIC\DEBUG\BOX.OBJ
C:\USERS\常佳辉\DESKTOP\LOGIC-V0.2\LOGIC\DEBUG\BULLET.OBJ
C:\USERS\常佳辉\DESKTOP\LOGIC-V0.2\LOGIC\DEBUG\CAMERA.OBJ
C:\Users\常佳辉\Desktop\Logic-v0.2\Logic\Debug\cl.command.1.tlog
C:\Users\常佳辉\Desktop\Logic-v0.2\Logic\Debug\CL.read.1.tlog
C:\Users\常佳辉\Desktop\Logic-v0.2\Logic\Debug\CL.write.1.tlog
C:\USERS\常佳辉\DESKTOP\LOGIC-V0.2\LOGIC\DEBUG\GCONTROL.OBJ
C:\USERS\常佳辉\DESKTOP\LOGIC-V0.2\LOGIC\DEBUG\GFONT.OBJ
C:\USERS\常佳辉\DESKTOP\LOGIC-V0.2\LOGIC\DEBUG\GLIGHT.OBJ
C:\USERS\常佳辉\DESKTOP\LOGIC-V0.2\LOGIC\DEBUG\GLMATH.OBJ
C:\USERS\常佳辉\DESKTOP\LOGIC-V0.2\LOGIC\DEBUG\GLPARTICLECTRL.OBJ
C:\USERS\常佳辉\DESKTOP\LOGIC-V0.2\LOGIC\DEBUG\LOGIC.OBJ
C:\USERS\常佳辉\DESKTOP\LOGIC-V0.2\LOGIC\DEBUG\LOGIC.PCH
C:\Users\常佳辉\Desktop\Logic-v0.2\Logic\Debug\Logic.write.1.tlog
C:\USERS\常佳辉\DESKTOP\LOGIC-V0.2\LOGIC\DEBUG\LOGICDOC.OBJ
C:\USERS\常佳辉\DESKTOP\LOGIC-V0.2\LOGIC\DEBUG\LOGICVIEW.OBJ
C:\USERS\常佳辉\DESKTOP\LOGIC-V0.2\LOGIC\DEBUG\OPENGL.OBJ
C:\USERS\常佳辉\DESKTOP\LOGIC-V0.2\LOGIC\DEBUG\PARTICLE.OBJ
C:\USERS\常佳辉\DESKTOP\LOGIC-V0.2\LOGIC\DEBUG\PLANT.OBJ
C:\USERS\常佳辉\DESKTOP\LOGIC-V0.2\LOGIC\DEBUG\ROAD.OBJ
C:\USERS\常佳辉\DESKTOP\LOGIC-V0.2\LOGIC\DEBUG\SKY.OBJ
C:\USERS\常佳辉\DESKTOP\LOGIC-V0.2\LOGIC\DEBUG\STDAFX.OBJ
C:\USERS\常佳辉\DESKTOP\LOGIC-V0.2\LOGIC\DEBUG\SUN.OBJ
C:\USERS\常佳辉\DESKTOP\LOGIC-V0.2\LOGIC\DEBUG\TEXTURE.OBJ
C:\USERS\常佳辉\DESKTOP\LOGIC-V0.2\LOGIC\DEBUG\TIME.OBJ
C:\Users\常佳辉\Desktop\Logic-v0.2\Logic\Debug\vc100.idb
C:\USERS\常佳辉\DESKTOP\LOGIC-V0.2\LOGIC\DEBUG\VC100.PDB
C:\USERS\常佳辉\DESKTOP\LOGIC-V0.2\LOGIC\DEBUG\ZOMBIE.OBJ
